# JRE version: Java(TM) SE Runtime Environment (8.0_131-b11) (build 1.8.0_131-b11)
# Java VM: Java HotSpot(TM) 64-Bit Server VM (25.131-b11 mixed mode windows-amd64 compressed oops)
Heap:
 PSYoungGen      total 273408K, used 162175K [0x00000000d5c00000, 0x00000000ea500000, 0x0000000100000000)
  eden space 247296K, 65% used [0x00000000d5c00000,0x00000000dfa5ff18,0x00000000e4d80000)
  from space 26112K, 0% used [0x00000000e4d80000,0x00000000e4d80000,0x00000000e6700000)
  to   space 36352K, 0% used [0x00000000e8180000,0x00000000e8180000,0x00000000ea500000)
 ParOldGen       total 137216K, used 53905K [0x0000000081400000, 0x0000000089a00000, 0x00000000d5c00000)
  object space 137216K, 39% used [0x0000000081400000,0x00000000848a4510,0x0000000089a00000)
 Metaspace       used 34838K, capacity 35650K, committed 35880K, reserved 1081344K
  class space    used 4376K, capacity 4667K, committed 4736K, reserved 1048576K
GC Heap History (10 events):
Event: 7.271 GC heap before
{Heap before GC invocations=7 (full 0):
 PSYoungGen      total 149504K, used 54913K [0x00000000d5c00000, 0x00000000e1200000, 0x0000000100000000)
  eden space 128000K, 26% used [0x00000000d5c00000,0x00000000d7ca4058,0x00000000dd900000)
  from space 21504K, 99% used [0x00000000df300000,0x00000000e07fc3d0,0x00000000e0800000)
  to   space 26624K, 0% used [0x00000000dd900000,0x00000000dd900000,0x00000000df300000)
 ParOldGen       total 87552K, used 36529K [0x0000000081400000, 0x0000000086980000, 0x00000000d5c00000)
  object space 87552K, 41% used [0x0000000081400000,0x00000000837ac5f8,0x0000000086980000)
 Metaspace       used 20550K, capacity 21136K, committed 21296K, reserved 1069056K
  class space    used 2440K, capacity 2594K, committed 2688K, reserved 1048576K
Event: 7.302 GC heap after
Heap after GC invocations=7 (full 0):
 PSYoungGen      total 154624K, used 9230K [0x00000000d5c00000, 0x00000000e8900000, 0x0000000100000000)
  eden space 128000K, 0% used [0x00000000d5c00000,0x00000000d5c00000,0x00000000dd900000)
  from space 26624K, 34% used [0x00000000dd900000,0x00000000de203978,0x00000000df300000)
  to   space 26112K, 0% used [0x00000000e6f80000,0x00000000e6f80000,0x00000000e8900000)
 ParOldGen       total 87552K, used 39131K [0x0000000081400000, 0x0000000086980000, 0x00000000d5c00000)
  object space 87552K, 44% used [0x0000000081400000,0x0000000083a36e00,0x0000000086980000)
 Metaspace       used 20550K, capacity 21136K, committed 21296K, reserved 1069056K
  class space    used 2440K, capacity 2594K, committed 2688K, reserved 1048576K
}
Event: 7.302 GC heap before
{Heap before GC invocations=8 (full 1):
 PSYoungGen      total 154624K, used 9230K [0x00000000d5c00000, 0x00000000e8900000, 0x0000000100000000)
  eden space 128000K, 0% used [0x00000000d5c00000,0x00000000d5c00000,0x00000000dd900000)
  from space 26624K, 34% used [0x00000000dd900000,0x00000000de203978,0x00000000df300000)
  to   space 26112K, 0% used [0x00000000e6f80000,0x00000000e6f80000,0x00000000e8900000)
 ParOldGen       total 87552K, used 39131K [0x0000000081400000, 0x0000000086980000, 0x00000000d5c00000)
  object space 87552K, 44% used [0x0000000081400000,0x0000000083a36e00,0x0000000086980000)
 Metaspace       used 20550K, capacity 21136K, committed 21296K, reserved 1069056K
  class space    used 2440K, capacity 2594K, committed 2688K, reserved 1048576K
Event: 7.464 GC heap after
Heap after GC invocations=8 (full 1):
 PSYoungGen      total 154624K, used 0K [0x00000000d5c00000, 0x00000000e8900000, 0x0000000100000000)
  eden space 128000K, 0% used [0x00000000d5c00000,0x00000000d5c00000,0x00000000dd900000)
  from space 26624K, 0% used [0x00000000dd900000,0x00000000dd900000,0x00000000df300000)
  to   space 26112K, 0% used [0x00000000e6f80000,0x00000000e6f80000,0x00000000e8900000)
 ParOldGen       total 99840K, used 38218K [0x0000000081400000, 0x0000000087580000, 0x00000000d5c00000)
  object space 99840K, 38% used [0x0000000081400000,0x00000000839528f0,0x0000000087580000)
 Metaspace       used 20550K, capacity 21136K, committed 21296K, reserved 1069056K
  class space    used 2440K, capacity 2594K, committed 2688K, reserved 1048576K
}
Event: 20.076 GC heap before
{Heap before GC invocations=9 (full 1):
 PSYoungGen      total 154624K, used 128000K [0x00000000d5c00000, 0x00000000e8900000, 0x0000000100000000)
  eden space 128000K, 100% used [0x00000000d5c00000,0x00000000dd900000,0x00000000dd900000)
  from space 26624K, 0% used [0x00000000dd900000,0x00000000dd900000,0x00000000df300000)
  to   space 26112K, 0% used [0x00000000e6f80000,0x00000000e6f80000,0x00000000e8900000)
 ParOldGen       total 99840K, used 38218K [0x0000000081400000, 0x0000000087580000, 0x00000000d5c00000)
  object space 99840K, 38% used [0x0000000081400000,0x00000000839528f0,0x0000000087580000)
 Metaspace       used 29432K, capacity 30156K, committed 30336K, reserved 1075200K
  class space    used 3616K, capacity 3846K, committed 3968K, reserved 1048576K
Event: 20.112 GC heap after
Heap after GC invocations=9 (full 1):
 PSYoungGen      total 217600K, used 17164K [0x00000000d5c00000, 0x00000000e8080000, 0x0000000100000000)
  eden space 200192K, 0% used [0x00000000d5c00000,0x00000000d5c00000,0x00000000e1f80000)
  from space 17408K, 98% used [0x00000000e6f80000,0x00000000e80432e8,0x00000000e8080000)
  to   space 26112K, 0% used [0x00000000e4d80000,0x00000000e4d80000,0x00000000e6700000)
 ParOldGen       total 99840K, used 38226K [0x0000000081400000, 0x0000000087580000, 0x00000000d5c00000)
  object space 99840K, 38% used [0x0000000081400000,0x00000000839548f0,0x0000000087580000)
 Metaspace       used 29432K, capacity 30156K, committed 30336K, reserved 1075200K
  class space    used 3616K, capacity 3846K, committed 3968K, reserved 1048576K
}
Event: 23.738 GC heap before
{Heap before GC invocations=10 (full 1):
 PSYoungGen      total 217600K, used 183708K [0x00000000d5c00000, 0x00000000e8080000, 0x0000000100000000)
  eden space 200192K, 83% used [0x00000000d5c00000,0x00000000dfea4078,0x00000000e1f80000)
  from space 17408K, 98% used [0x00000000e6f80000,0x00000000e80432e8,0x00000000e8080000)
  to   space 26112K, 0% used [0x00000000e4d80000,0x00000000e4d80000,0x00000000e6700000)
 ParOldGen       total 99840K, used 38226K [0x0000000081400000, 0x0000000087580000, 0x00000000d5c00000)
  object space 99840K, 38% used [0x0000000081400000,0x00000000839548f0,0x0000000087580000)
 Metaspace       used 34526K, capacity 35290K, committed 35496K, reserved 1081344K
  class space    used 4331K, capacity 4593K, committed 4608K, reserved 1048576K
Event: 23.789 GC heap after
Heap after GC invocations=10 (full 1):
 PSYoungGen      total 273408K, used 26086K [0x00000000d5c00000, 0x00000000ea500000, 0x0000000100000000)
  eden space 247296K, 0% used [0x00000000d5c00000,0x00000000d5c00000,0x00000000e4d80000)
  from space 26112K, 99% used [0x00000000e4d80000,0x00000000e66f9888,0x00000000e6700000)
  to   space 36352K, 0% used [0x00000000e8180000,0x00000000e8180000,0x00000000ea500000)
 ParOldGen       total 99840K, used 54699K [0x0000000081400000, 0x0000000087580000, 0x00000000d5c00000)
  object space 99840K, 54% used [0x0000000081400000,0x000000008496aca8,0x0000000087580000)
 Metaspace       used 34526K, capacity 35290K, committed 35496K, reserved 1081344K
  class space    used 4331K, capacity 4593K, committed 4608K, reserved 1048576K
}
Event: 23.789 GC heap before
{Heap before GC invocations=11 (full 2):
 PSYoungGen      total 273408K, used 26086K [0x00000000d5c00000, 0x00000000ea500000, 0x0000000100000000)
  eden space 247296K, 0% used [0x00000000d5c00000,0x00000000d5c00000,0x00000000e4d80000)
  from space 26112K, 99% used [0x00000000e4d80000,0x00000000e66f9888,0x00000000e6700000)
  to   space 36352K, 0% used [0x00000000e8180000,0x00000000e8180000,0x00000000ea500000)
 ParOldGen       total 99840K, used 54699K [0x0000000081400000, 0x0000000087580000, 0x00000000d5c00000)
  object space 99840K, 54% used [0x0000000081400000,0x000000008496aca8,0x0000000087580000)
 Metaspace       used 34526K, capacity 35290K, committed 35496K, reserved 1081344K
  class space    used 4331K, capacity 4593K, committed 4608K, reserved 1048576K
Event: 23.964 GC heap after
Heap after GC invocations=11 (full 2):
 PSYoungGen      total 273408K, used 0K [0x00000000d5c00000, 0x00000000ea500000, 0x0000000100000000)
  eden space 247296K, 0% used [0x00000000d5c00000,0x00000000d5c00000,0x00000000e4d80000)
  from space 26112K, 0% used [0x00000000e4d80000,0x00000000e4d80000,0x00000000e6700000)
  to   space 36352K, 0% used [0x00000000e8180000,0x00000000e8180000,0x00000000ea500000)
 ParOldGen       total 137216K, used 53905K [0x0000000081400000, 0x0000000089a00000, 0x00000000d5c00000)
  object space 137216K, 39% used [0x0000000081400000,0x00000000848a4510,0x0000000089a00000)
 Metaspace       used 34526K, capacity 35290K, committed 35496K, reserved 1081344K
  class space    used 4331K, capacity 4593K, committed 4608K, reserved 1048576K
}

