# JRE version: Java(TM) SE Runtime Environment (8.0_131-b11) (build 1.8.0_131-b11)
# Java VM: Java HotSpot(TM) 64-Bit Server VM (25.131-b11 mixed mode windows-amd64 compressed oops)
Heap:
 PSYoungGen      total 463872K, used 341646K [0x00000000d5c00000, 0x00000000fa600000, 0x0000000100000000)
  eden space 327680K, 84% used [0x00000000d5c00000,0x00000000e6a5cbf0,0x00000000e9c00000)
  from space 136192K, 47% used [0x00000000e9c00000,0x00000000edb46c20,0x00000000f2100000)
  to   space 117760K, 0% used [0x00000000f3300000,0x00000000f3300000,0x00000000fa600000)
 ParOldGen       total 195072K, used 73631K [0x0000000081400000, 0x000000008d280000, 0x00000000d5c00000)
  object space 195072K, 37% used [0x0000000081400000,0x0000000085be7df0,0x000000008d280000)
 Metaspace       used 80980K, capacity 82420K, committed 118996K, reserved 1148928K
  class space    used 10457K, capacity 10927K, committed 19668K, reserved 1048576K
GC Heap History (10 events):
Event: 11227.611 GC heap before
{Heap before GC invocations=32 (full 4):
 PSYoungGen      total 427008K, used 426684K [0x00000000d5c00000, 0x00000000fbd80000, 0x0000000100000000)
  eden space 340480K, 100% used [0x00000000d5c00000,0x00000000ea880000,0x00000000ea880000)
  from space 86528K, 99% used [0x00000000eb600000,0x00000000f0a2f108,0x00000000f0a80000)
  to   space 141824K, 0% used [0x00000000f3300000,0x00000000f3300000,0x00000000fbd80000)
 ParOldGen       total 151040K, used 48814K [0x0000000081400000, 0x000000008a780000, 0x00000000d5c00000)
  object space 151040K, 32% used [0x0000000081400000,0x00000000843ab9a0,0x000000008a780000)
 Metaspace       used 129167K, capacity 131420K, committed 131924K, reserved 1163264K
  class space    used 17412K, capacity 18174K, committed 18260K, reserved 1048576K
Event: 11227.684 GC heap after
Heap after GC invocations=32 (full 4):
 PSYoungGen      total 445440K, used 75110K [0x00000000d5c00000, 0x00000000fa600000, 0x0000000100000000)
  eden space 327680K, 0% used [0x00000000d5c00000,0x00000000d5c00000,0x00000000e9c00000)
  from space 117760K, 63% used [0x00000000f3300000,0x00000000f7c59898,0x00000000fa600000)
  to   space 136192K, 0% used [0x00000000e9c00000,0x00000000e9c00000,0x00000000f2100000)
 ParOldGen       total 151040K, used 48822K [0x0000000081400000, 0x000000008a780000, 0x00000000d5c00000)
  object space 151040K, 32% used [0x0000000081400000,0x00000000843ad9a0,0x000000008a780000)
 Metaspace       used 129167K, capacity 131420K, committed 131924K, reserved 1163264K
  class space    used 17412K, capacity 18174K, committed 18260K, reserved 1048576K
}
Event: 11231.158 GC heap before
{Heap before GC invocations=33 (full 4):
 PSYoungGen      total 445440K, used 402790K [0x00000000d5c00000, 0x00000000fa600000, 0x0000000100000000)
  eden space 327680K, 100% used [0x00000000d5c00000,0x00000000e9c00000,0x00000000e9c00000)
  from space 117760K, 63% used [0x00000000f3300000,0x00000000f7c59898,0x00000000fa600000)
  to   space 136192K, 0% used [0x00000000e9c00000,0x00000000e9c00000,0x00000000f2100000)
 ParOldGen       total 151040K, used 48828K [0x0000000081400000, 0x000000008a780000, 0x00000000d5c00000)
  object space 151040K, 32% used [0x0000000081400000,0x00000000843af030,0x000000008a780000)
 Metaspace       used 133966K, capacity 136274K, committed 136660K, reserved 1167360K
  class space    used 18101K, capacity 18891K, committed 18900K, reserved 1048576K
Event: 11231.245 GC heap after
Heap after GC invocations=33 (full 4):
 PSYoungGen      total 463872K, used 92198K [0x00000000d5c00000, 0x00000000fa600000, 0x0000000100000000)
  eden space 327680K, 0% used [0x00000000d5c00000,0x00000000d5c00000,0x00000000e9c00000)
  from space 136192K, 67% used [0x00000000e9c00000,0x00000000ef609870,0x00000000f2100000)
  to   space 117760K, 0% used [0x00000000f3300000,0x00000000f3300000,0x00000000fa600000)
 ParOldGen       total 151040K, used 48836K [0x0000000081400000, 0x000000008a780000, 0x00000000d5c00000)
  object space 151040K, 32% used [0x0000000081400000,0x00000000843b1030,0x000000008a780000)
 Metaspace       used 133966K, capacity 136274K, committed 136660K, reserved 1167360K
  class space    used 18101K, capacity 18891K, committed 18900K, reserved 1048576K
}
Event: 11237.863 GC heap before
{Heap before GC invocations=34 (full 4):
 PSYoungGen      total 463872K, used 323187K [0x00000000d5c00000, 0x00000000fa600000, 0x0000000100000000)
  eden space 327680K, 70% used [0x00000000d5c00000,0x00000000e3d93450,0x00000000e9c00000)
  from space 136192K, 67% used [0x00000000e9c00000,0x00000000ef609870,0x00000000f2100000)
  to   space 117760K, 0% used [0x00000000f3300000,0x00000000f3300000,0x00000000fa600000)
 ParOldGen       total 151040K, used 48836K [0x0000000081400000, 0x000000008a780000, 0x00000000d5c00000)
  object space 151040K, 32% used [0x0000000081400000,0x00000000843b1030,0x000000008a780000)
 Metaspace       used 138842K, capacity 141164K, committed 141524K, reserved 1171456K
  class space    used 18800K, capacity 19644K, committed 19668K, reserved 1048576K
Event: 11237.950 GC heap after
Heap after GC invocations=34 (full 4):
 PSYoungGen      total 445440K, used 58990K [0x00000000d5c00000, 0x00000000fa600000, 0x0000000100000000)
  eden space 327680K, 0% used [0x00000000d5c00000,0x00000000d5c00000,0x00000000e9c00000)
  from space 117760K, 50% used [0x00000000f3300000,0x00000000f6c9b8f8,0x00000000fa600000)
  to   space 136192K, 0% used [0x00000000e9c00000,0x00000000e9c00000,0x00000000f2100000)
 ParOldGen       total 151040K, used 55866K [0x0000000081400000, 0x000000008a780000, 0x00000000d5c00000)
  object space 151040K, 36% used [0x0000000081400000,0x0000000084a8e8a8,0x000000008a780000)
 Metaspace       used 138842K, capacity 141164K, committed 141524K, reserved 1171456K
  class space    used 18800K, capacity 19644K, committed 19668K, reserved 1048576K
}
Event: 11237.950 GC heap before
{Heap before GC invocations=35 (full 5):
 PSYoungGen      total 445440K, used 58990K [0x00000000d5c00000, 0x00000000fa600000, 0x0000000100000000)
  eden space 327680K, 0% used [0x00000000d5c00000,0x00000000d5c00000,0x00000000e9c00000)
  from space 117760K, 50% used [0x00000000f3300000,0x00000000f6c9b8f8,0x00000000fa600000)
  to   space 136192K, 0% used [0x00000000e9c00000,0x00000000e9c00000,0x00000000f2100000)
 ParOldGen       total 151040K, used 55866K [0x0000000081400000, 0x000000008a780000, 0x00000000d5c00000)
  object space 151040K, 36% used [0x0000000081400000,0x0000000084a8e8a8,0x000000008a780000)
 Metaspace       used 138842K, capacity 141164K, committed 141524K, reserved 1171456K
  class space    used 18800K, capacity 19644K, committed 19668K, reserved 1048576K
Event: 11238.241 GC heap after
Heap after GC invocations=35 (full 5):
 PSYoungGen      total 445440K, used 0K [0x00000000d5c00000, 0x00000000fa600000, 0x0000000100000000)
  eden space 327680K, 0% used [0x00000000d5c00000,0x00000000d5c00000,0x00000000e9c00000)
  from space 117760K, 0% used [0x00000000f3300000,0x00000000f3300000,0x00000000fa600000)
  to   space 136192K, 0% used [0x00000000e9c00000,0x00000000e9c00000,0x00000000f2100000)
 ParOldGen       total 195072K, used 73622K [0x0000000081400000, 0x000000008d280000, 0x00000000d5c00000)
  object space 195072K, 37% used [0x0000000081400000,0x0000000085be59d8,0x000000008d280000)
 Metaspace       used 66431K, capacity 67726K, committed 118996K, reserved 1148928K
  class space    used 8371K, capacity 8776K, committed 19668K, reserved 1048576K
}
Event: 11596.739 GC heap before
{Heap before GC invocations=36 (full 5):
 PSYoungGen      total 445440K, used 327680K [0x00000000d5c00000, 0x00000000fa600000, 0x0000000100000000)
  eden space 327680K, 100% used [0x00000000d5c00000,0x00000000e9c00000,0x00000000e9c00000)
  from space 117760K, 0% used [0x00000000f3300000,0x00000000f3300000,0x00000000fa600000)
  to   space 136192K, 0% used [0x00000000e9c00000,0x00000000e9c00000,0x00000000f2100000)
 ParOldGen       total 195072K, used 73623K [0x0000000081400000, 0x000000008d280000, 0x00000000d5c00000)
  object space 195072K, 37% used [0x0000000081400000,0x0000000085be5df0,0x000000008d280000)
 Metaspace       used 75970K, capacity 77402K, committed 118996K, reserved 1148928K
  class space    used 9739K, capacity 10174K, committed 19668K, reserved 1048576K
Event: 11596.808 GC heap after
Heap after GC invocations=36 (full 5):
 PSYoungGen      total 463872K, used 64795K [0x00000000d5c00000, 0x00000000fa600000, 0x0000000100000000)
  eden space 327680K, 0% used [0x00000000d5c00000,0x00000000d5c00000,0x00000000e9c00000)
  from space 136192K, 47% used [0x00000000e9c00000,0x00000000edb46c20,0x00000000f2100000)
  to   space 117760K, 0% used [0x00000000f3300000,0x00000000f3300000,0x00000000fa600000)
 ParOldGen       total 195072K, used 73631K [0x0000000081400000, 0x000000008d280000, 0x00000000d5c00000)
  object space 195072K, 37% used [0x0000000081400000,0x0000000085be7df0,0x000000008d280000)
 Metaspace       used 75970K, capacity 77402K, committed 118996K, reserved 1148928K
  class space    used 9739K, capacity 10174K, committed 19668K, reserved 1048576K
}

