# JRE version: Java(TM) SE Runtime Environment (8.0_131-b11) (build 1.8.0_131-b11)
# Java VM: Java HotSpot(TM) 64-Bit Server VM (25.131-b11 mixed mode windows-amd64 compressed oops)
Heap:
 PSYoungGen      total 438272K, used 188585K [0x00000000d5c00000, 0x00000000f6680000, 0x0000000100000000)
  eden space 363520K, 51% used [0x00000000d5c00000,0x00000000e142a648,0x00000000ebf00000)
  from space 74752K, 0% used [0x00000000f0780000,0x00000000f0780000,0x00000000f5080000)
  to   space 74240K, 0% used [0x00000000ebf00000,0x00000000ebf00000,0x00000000f0780000)
 ParOldGen       total 124928K, used 25108K [0x0000000081400000, 0x0000000088e00000, 0x00000000d5c00000)
  object space 124928K, 20% used [0x0000000081400000,0x0000000082c85000,0x0000000088e00000)
 Metaspace       used 41418K, capacity 42384K, committed 55064K, reserved 1095680K
  class space    used 5280K, capacity 5610K, committed 8064K, reserved 1048576K
GC Heap History (10 events):
Event: 887.871 GC heap before
{Heap before GC invocations=13 (full 2):
 PSYoungGen      total 272896K, used 272869K [0x00000000d5c00000, 0x00000000ef680000, 0x0000000100000000)
  eden space 236544K, 100% used [0x00000000d5c00000,0x00000000e4300000,0x00000000e4300000)
  from space 36352K, 99% used [0x00000000e6f80000,0x00000000e92f95d0,0x00000000e9300000)
  to   space 45568K, 0% used [0x00000000e4300000,0x00000000e4300000,0x00000000e6f80000)
 ParOldGen       total 138240K, used 64616K [0x0000000081400000, 0x0000000089b00000, 0x00000000d5c00000)
  object space 138240K, 46% used [0x0000000081400000,0x000000008531a038,0x0000000089b00000)
 Metaspace       used 46579K, capacity 47550K, committed 47872K, reserved 1091584K
  class space    used 6042K, capacity 6333K, committed 6400K, reserved 1048576K
Event: 887.933 GC heap after
Heap after GC invocations=13 (full 2):
 PSYoungGen      total 282112K, used 45538K [0x00000000d5c00000, 0x00000000ef280000, 0x0000000100000000)
  eden space 236544K, 0% used [0x00000000d5c00000,0x00000000d5c00000,0x00000000e4300000)
  from space 45568K, 99% used [0x00000000e4300000,0x00000000e6f78850,0x00000000e6f80000)
  to   space 54272K, 0% used [0x00000000ebd80000,0x00000000ebd80000,0x00000000ef280000)
 ParOldGen       total 138240K, used 68879K [0x0000000081400000, 0x0000000089b00000, 0x00000000d5c00000)
  object space 138240K, 49% used [0x0000000081400000,0x0000000085743ef8,0x0000000089b00000)
 Metaspace       used 46579K, capacity 47550K, committed 47872K, reserved 1091584K
  class space    used 6042K, capacity 6333K, committed 6400K, reserved 1048576K
}
Event: 1201.410 GC heap before
{Heap before GC invocations=14 (full 2):
 PSYoungGen      total 282112K, used 282082K [0x00000000d5c00000, 0x00000000ef280000, 0x0000000100000000)
  eden space 236544K, 100% used [0x00000000d5c00000,0x00000000e4300000,0x00000000e4300000)
  from space 45568K, 99% used [0x00000000e4300000,0x00000000e6f78850,0x00000000e6f80000)
  to   space 54272K, 0% used [0x00000000ebd80000,0x00000000ebd80000,0x00000000ef280000)
 ParOldGen       total 138240K, used 68884K [0x0000000081400000, 0x0000000089b00000, 0x00000000d5c00000)
  object space 138240K, 49% used [0x0000000081400000,0x0000000085745210,0x0000000089b00000)
 Metaspace       used 51983K, capacity 53056K, committed 53504K, reserved 1095680K
  class space    used 6800K, capacity 7116K, committed 7168K, reserved 1048576K
Event: 1201.512 GC heap after
Heap after GC invocations=14 (full 2):
 PSYoungGen      total 352256K, used 51446K [0x00000000d5c00000, 0x00000000ef700000, 0x0000000100000000)
  eden space 297984K, 0% used [0x00000000d5c00000,0x00000000d5c00000,0x00000000e7f00000)
  from space 54272K, 94% used [0x00000000ebd80000,0x00000000eefbdbe8,0x00000000ef280000)
  to   space 61440K, 0% used [0x00000000e7f00000,0x00000000e7f00000,0x00000000ebb00000)
 ParOldGen       total 138240K, used 72875K [0x0000000081400000, 0x0000000089b00000, 0x00000000d5c00000)
  object space 138240K, 52% used [0x0000000081400000,0x0000000085b2af48,0x0000000089b00000)
 Metaspace       used 51983K, capacity 53056K, committed 53504K, reserved 1095680K
  class space    used 6800K, capacity 7116K, committed 7168K, reserved 1048576K
}
Event: 1527.014 GC heap before
{Heap before GC invocations=15 (full 2):
 PSYoungGen      total 352256K, used 349430K [0x00000000d5c00000, 0x00000000ef700000, 0x0000000100000000)
  eden space 297984K, 100% used [0x00000000d5c00000,0x00000000e7f00000,0x00000000e7f00000)
  from space 54272K, 94% used [0x00000000ebd80000,0x00000000eefbdbe8,0x00000000ef280000)
  to   space 61440K, 0% used [0x00000000e7f00000,0x00000000e7f00000,0x00000000ebb00000)
 ParOldGen       total 138240K, used 72880K [0x0000000081400000, 0x0000000089b00000, 0x00000000d5c00000)
  object space 138240K, 52% used [0x0000000081400000,0x0000000085b2c1b0,0x0000000089b00000)
 Metaspace       used 57313K, capacity 58376K, committed 58624K, reserved 1099776K
  class space    used 7559K, capacity 7900K, committed 7936K, reserved 1048576K
Event: 1527.147 GC heap after
Heap after GC invocations=15 (full 2):
 PSYoungGen      total 359424K, used 61422K [0x00000000d5c00000, 0x00000000f5080000, 0x0000000100000000)
  eden space 297984K, 0% used [0x00000000d5c00000,0x00000000d5c00000,0x00000000e7f00000)
  from space 61440K, 99% used [0x00000000e7f00000,0x00000000ebafb830,0x00000000ebb00000)
  to   space 74752K, 0% used [0x00000000f0780000,0x00000000f0780000,0x00000000f5080000)
 ParOldGen       total 138240K, used 82320K [0x0000000081400000, 0x0000000089b00000, 0x00000000d5c00000)
  object space 138240K, 59% used [0x0000000081400000,0x00000000864641d0,0x0000000089b00000)
 Metaspace       used 57313K, capacity 58376K, committed 58624K, reserved 1099776K
  class space    used 7559K, capacity 7900K, committed 7936K, reserved 1048576K
}
Event: 1527.756 GC heap before
{Heap before GC invocations=16 (full 2):
 PSYoungGen      total 359424K, used 93126K [0x00000000d5c00000, 0x00000000f5080000, 0x0000000100000000)
  eden space 297984K, 10% used [0x00000000d5c00000,0x00000000d7af61a0,0x00000000e7f00000)
  from space 61440K, 99% used [0x00000000e7f00000,0x00000000ebafb830,0x00000000ebb00000)
  to   space 74752K, 0% used [0x00000000f0780000,0x00000000f0780000,0x00000000f5080000)
 ParOldGen       total 138240K, used 82320K [0x0000000081400000, 0x0000000089b00000, 0x00000000d5c00000)
  object space 138240K, 59% used [0x0000000081400000,0x00000000864641d0,0x0000000089b00000)
 Metaspace       used 57918K, capacity 58930K, committed 59160K, reserved 1099776K
  class space    used 7643K, capacity 8001K, committed 8064K, reserved 1048576K
Event: 1527.779 GC heap after
Heap after GC invocations=16 (full 2):
 PSYoungGen      total 438272K, used 6183K [0x00000000d5c00000, 0x00000000f6680000, 0x0000000100000000)
  eden space 363520K, 0% used [0x00000000d5c00000,0x00000000d5c00000,0x00000000ebf00000)
  from space 74752K, 8% used [0x00000000f0780000,0x00000000f0d89ef0,0x00000000f5080000)
  to   space 74240K, 0% used [0x00000000ebf00000,0x00000000ebf00000,0x00000000f0780000)
 ParOldGen       total 138240K, used 86661K [0x0000000081400000, 0x0000000089b00000, 0x00000000d5c00000)
  object space 138240K, 62% used [0x0000000081400000,0x00000000868a1460,0x0000000089b00000)
 Metaspace       used 57918K, capacity 58930K, committed 59160K, reserved 1099776K
  class space    used 7643K, capacity 8001K, committed 8064K, reserved 1048576K
}
Event: 1527.779 GC heap before
{Heap before GC invocations=17 (full 3):
 PSYoungGen      total 438272K, used 6183K [0x00000000d5c00000, 0x00000000f6680000, 0x0000000100000000)
  eden space 363520K, 0% used [0x00000000d5c00000,0x00000000d5c00000,0x00000000ebf00000)
  from space 74752K, 8% used [0x00000000f0780000,0x00000000f0d89ef0,0x00000000f5080000)
  to   space 74240K, 0% used [0x00000000ebf00000,0x00000000ebf00000,0x00000000f0780000)
 ParOldGen       total 138240K, used 86661K [0x0000000081400000, 0x0000000089b00000, 0x00000000d5c00000)
  object space 138240K, 62% used [0x0000000081400000,0x00000000868a1460,0x0000000089b00000)
 Metaspace       used 57918K, capacity 58930K, committed 59160K, reserved 1099776K
  class space    used 7643K, capacity 8001K, committed 8064K, reserved 1048576K
Event: 1527.976 GC heap after
Heap after GC invocations=17 (full 3):
 PSYoungGen      total 438272K, used 0K [0x00000000d5c00000, 0x00000000f6680000, 0x0000000100000000)
  eden space 363520K, 0% used [0x00000000d5c00000,0x00000000d5c00000,0x00000000ebf00000)
  from space 74752K, 0% used [0x00000000f0780000,0x00000000f0780000,0x00000000f5080000)
  to   space 74240K, 0% used [0x00000000ebf00000,0x00000000ebf00000,0x00000000f0780000)
 ParOldGen       total 124928K, used 25108K [0x0000000081400000, 0x0000000088e00000, 0x00000000d5c00000)
  object space 124928K, 20% used [0x0000000081400000,0x0000000082c85000,0x0000000088e00000)
 Metaspace       used 36882K, capacity 37690K, committed 55064K, reserved 1095680K
  class space    used 4624K, capacity 4909K, committed 8064K, reserved 1048576K
}

