# JRE version: Java(TM) SE Runtime Environment (8.0_131-b11) (build 1.8.0_131-b11)
# Java VM: Java HotSpot(TM) 64-Bit Server VM (25.131-b11 mixed mode windows-amd64 compressed oops)
Heap:
 PSYoungGen      total 262144K, used 77465K [0x00000000d5c00000, 0x00000000e8480000, 0x0000000100000000)
  eden space 231936K, 33% used [0x00000000d5c00000,0x00000000da7a6650,0x00000000e3e80000)
  from space 30208K, 0% used [0x00000000e6700000,0x00000000e6700000,0x00000000e8480000)
  to   space 26112K, 0% used [0x00000000e4d80000,0x00000000e4d80000,0x00000000e6700000)
 ParOldGen       total 142336K, used 45763K [0x0000000081400000, 0x0000000089f00000, 0x00000000d5c00000)
  object space 142336K, 32% used [0x0000000081400000,0x00000000840b0ca0,0x0000000089f00000)
 Metaspace       used 40254K, capacity 41084K, committed 41344K, reserved 1087488K
  class space    used 5135K, capacity 5448K, committed 5504K, reserved 1048576K
GC Heap History (10 events):
Event: 17.995 GC heap before
{Heap before GC invocations=9 (full 1):
 PSYoungGen      total 154112K, used 128000K [0x00000000d5c00000, 0x00000000e8800000, 0x0000000100000000)
  eden space 128000K, 100% used [0x00000000d5c00000,0x00000000dd900000,0x00000000dd900000)
  from space 26112K, 0% used [0x00000000dd900000,0x00000000dd900000,0x00000000df280000)
  to   space 25600K, 0% used [0x00000000e6f00000,0x00000000e6f00000,0x00000000e8800000)
 ParOldGen       total 101376K, used 37248K [0x0000000081400000, 0x0000000087700000, 0x00000000d5c00000)
  object space 101376K, 36% used [0x0000000081400000,0x00000000838601b8,0x0000000087700000)
 Metaspace       used 29444K, capacity 30226K, committed 30592K, reserved 1075200K
  class space    used 3611K, capacity 3847K, committed 3968K, reserved 1048576K
Event: 18.030 GC heap after
Heap after GC invocations=9 (full 1):
 PSYoungGen      total 204288K, used 17651K [0x00000000d5c00000, 0x00000000e8080000, 0x0000000100000000)
  eden space 186368K, 0% used [0x00000000d5c00000,0x00000000d5c00000,0x00000000e1200000)
  from space 17920K, 98% used [0x00000000e6f00000,0x00000000e803cf18,0x00000000e8080000)
  to   space 26112K, 0% used [0x00000000e4d80000,0x00000000e4d80000,0x00000000e6700000)
 ParOldGen       total 101376K, used 37256K [0x0000000081400000, 0x0000000087700000, 0x00000000d5c00000)
  object space 101376K, 36% used [0x0000000081400000,0x00000000838621b8,0x0000000087700000)
 Metaspace       used 29444K, capacity 30226K, committed 30592K, reserved 1075200K
  class space    used 3611K, capacity 3847K, committed 3968K, reserved 1048576K
}
Event: 25.815 GC heap before
{Heap before GC invocations=10 (full 1):
 PSYoungGen      total 204288K, used 182380K [0x00000000d5c00000, 0x00000000e8080000, 0x0000000100000000)
  eden space 186368K, 88% used [0x00000000d5c00000,0x00000000dfcde1d0,0x00000000e1200000)
  from space 17920K, 98% used [0x00000000e6f00000,0x00000000e803cf18,0x00000000e8080000)
  to   space 26112K, 0% used [0x00000000e4d80000,0x00000000e4d80000,0x00000000e6700000)
 ParOldGen       total 101376K, used 37256K [0x0000000081400000, 0x0000000087700000, 0x00000000d5c00000)
  object space 101376K, 36% used [0x0000000081400000,0x00000000838621b8,0x0000000087700000)
 Metaspace       used 34508K, capacity 35266K, committed 35456K, reserved 1079296K
  class space    used 4325K, capacity 4629K, committed 4736K, reserved 1048576K
Event: 25.866 GC heap after
Heap after GC invocations=10 (full 1):
 PSYoungGen      total 258048K, used 26096K [0x00000000d5c00000, 0x00000000e8480000, 0x0000000100000000)
  eden space 231936K, 0% used [0x00000000d5c00000,0x00000000d5c00000,0x00000000e3e80000)
  from space 26112K, 99% used [0x00000000e4d80000,0x00000000e66fc028,0x00000000e6700000)
  to   space 30208K, 0% used [0x00000000e6700000,0x00000000e6700000,0x00000000e8480000)
 ParOldGen       total 101376K, used 51985K [0x0000000081400000, 0x0000000087700000, 0x00000000d5c00000)
  object space 101376K, 51% used [0x0000000081400000,0x00000000846c4658,0x0000000087700000)
 Metaspace       used 34508K, capacity 35266K, committed 35456K, reserved 1079296K
  class space    used 4325K, capacity 4629K, committed 4736K, reserved 1048576K
}
Event: 25.866 GC heap before
{Heap before GC invocations=11 (full 2):
 PSYoungGen      total 258048K, used 26096K [0x00000000d5c00000, 0x00000000e8480000, 0x0000000100000000)
  eden space 231936K, 0% used [0x00000000d5c00000,0x00000000d5c00000,0x00000000e3e80000)
  from space 26112K, 99% used [0x00000000e4d80000,0x00000000e66fc028,0x00000000e6700000)
  to   space 30208K, 0% used [0x00000000e6700000,0x00000000e6700000,0x00000000e8480000)
 ParOldGen       total 101376K, used 51985K [0x0000000081400000, 0x0000000087700000, 0x00000000d5c00000)
  object space 101376K, 51% used [0x0000000081400000,0x00000000846c4658,0x0000000087700000)
 Metaspace       used 34508K, capacity 35266K, committed 35456K, reserved 1079296K
  class space    used 4325K, capacity 4629K, committed 4736K, reserved 1048576K
Event: 26.047 GC heap after
Heap after GC invocations=11 (full 2):
 PSYoungGen      total 258048K, used 0K [0x00000000d5c00000, 0x00000000e8480000, 0x0000000100000000)
  eden space 231936K, 0% used [0x00000000d5c00000,0x00000000d5c00000,0x00000000e3e80000)
  from space 26112K, 0% used [0x00000000e4d80000,0x00000000e4d80000,0x00000000e6700000)
  to   space 30208K, 0% used [0x00000000e6700000,0x00000000e6700000,0x00000000e8480000)
 ParOldGen       total 142336K, used 50856K [0x0000000081400000, 0x0000000089f00000, 0x00000000d5c00000)
  object space 142336K, 35% used [0x0000000081400000,0x00000000845aa398,0x0000000089f00000)
 Metaspace       used 34508K, capacity 35266K, committed 35456K, reserved 1079296K
  class space    used 4325K, capacity 4629K, committed 4736K, reserved 1048576K
}
Event: 142.393 GC heap before
{Heap before GC invocations=12 (full 2):
 PSYoungGen      total 258048K, used 136463K [0x00000000d5c00000, 0x00000000e8480000, 0x0000000100000000)
  eden space 231936K, 58% used [0x00000000d5c00000,0x00000000de143c20,0x00000000e3e80000)
  from space 26112K, 0% used [0x00000000e4d80000,0x00000000e4d80000,0x00000000e6700000)
  to   space 30208K, 0% used [0x00000000e6700000,0x00000000e6700000,0x00000000e8480000)
 ParOldGen       total 142336K, used 50856K [0x0000000081400000, 0x0000000089f00000, 0x00000000d5c00000)
  object space 142336K, 35% used [0x0000000081400000,0x00000000845aa398,0x0000000089f00000)
 Metaspace       used 35329K, capacity 36156K, committed 36224K, reserved 1085440K
  class space    used 4443K, capacity 4730K, committed 4736K, reserved 1048576K
Event: 142.445 GC heap after
Heap after GC invocations=12 (full 2):
 PSYoungGen      total 262144K, used 30203K [0x00000000d5c00000, 0x00000000e8480000, 0x0000000100000000)
  eden space 231936K, 0% used [0x00000000d5c00000,0x00000000d5c00000,0x00000000e3e80000)
  from space 30208K, 99% used [0x00000000e6700000,0x00000000e847ec70,0x00000000e8480000)
  to   space 26112K, 0% used [0x00000000e4d80000,0x00000000e4d80000,0x00000000e6700000)
 ParOldGen       total 142336K, used 51256K [0x0000000081400000, 0x0000000089f00000, 0x00000000d5c00000)
  object space 142336K, 36% used [0x0000000081400000,0x000000008460e2c0,0x0000000089f00000)
 Metaspace       used 35329K, capacity 36156K, committed 36224K, reserved 1085440K
  class space    used 4443K, capacity 4730K, committed 4736K, reserved 1048576K
}
Event: 142.445 GC heap before
{Heap before GC invocations=13 (full 3):
 PSYoungGen      total 262144K, used 30203K [0x00000000d5c00000, 0x00000000e8480000, 0x0000000100000000)
  eden space 231936K, 0% used [0x00000000d5c00000,0x00000000d5c00000,0x00000000e3e80000)
  from space 30208K, 99% used [0x00000000e6700000,0x00000000e847ec70,0x00000000e8480000)
  to   space 26112K, 0% used [0x00000000e4d80000,0x00000000e4d80000,0x00000000e6700000)
 ParOldGen       total 142336K, used 51256K [0x0000000081400000, 0x0000000089f00000, 0x00000000d5c00000)
  object space 142336K, 36% used [0x0000000081400000,0x000000008460e2c0,0x0000000089f00000)
 Metaspace       used 35329K, capacity 36156K, committed 36224K, reserved 1085440K
  class space    used 4443K, capacity 4730K, committed 4736K, reserved 1048576K
Event: 142.692 GC heap after
Heap after GC invocations=13 (full 3):
 PSYoungGen      total 262144K, used 0K [0x00000000d5c00000, 0x00000000e8480000, 0x0000000100000000)
  eden space 231936K, 0% used [0x00000000d5c00000,0x00000000d5c00000,0x00000000e3e80000)
  from space 30208K, 0% used [0x00000000e6700000,0x00000000e6700000,0x00000000e8480000)
  to   space 26112K, 0% used [0x00000000e4d80000,0x00000000e4d80000,0x00000000e6700000)
 ParOldGen       total 142336K, used 45763K [0x0000000081400000, 0x0000000089f00000, 0x00000000d5c00000)
  object space 142336K, 32% used [0x0000000081400000,0x00000000840b0ca0,0x0000000089f00000)
 Metaspace       used 35329K, capacity 36156K, committed 36224K, reserved 1083392K
  class space    used 4443K, capacity 4730K, committed 4736K, reserved 1048576K
}

