# JRE version: Java(TM) SE Runtime Environment (8.0_131-b11) (build 1.8.0_131-b11)
# Java VM: Java HotSpot(TM) 64-Bit Server VM (25.131-b11 mixed mode windows-amd64 compressed oops)
Heap:
 PSYoungGen      total 337408K, used 210438K [0x00000000d5c00000, 0x00000000f8980000, 0x0000000100000000)
  eden space 276992K, 75% used [0x00000000d5c00000,0x00000000e2981888,0x00000000e6a80000)
  from space 60416K, 0% used [0x00000000e6a80000,0x00000000e6a80000,0x00000000ea580000)
  to   space 77312K, 0% used [0x00000000f3e00000,0x00000000f3e00000,0x00000000f8980000)
 ParOldGen       total 123392K, used 34264K [0x0000000081400000, 0x0000000088c80000, 0x00000000d5c00000)
  object space 123392K, 27% used [0x0000000081400000,0x0000000083576338,0x0000000088c80000)
 Metaspace       used 43275K, capacity 44306K, committed 53248K, reserved 1093632K
  class space    used 5558K, capacity 5910K, committed 8192K, reserved 1048576K
GC Heap History (10 events):
Event: 1320.997 GC heap before
{Heap before GC invocations=14 (full 2):
 PSYoungGen      total 272384K, used 272364K [0x00000000d5c00000, 0x00000000edb80000, 0x0000000100000000)
  eden space 227840K, 100% used [0x00000000d5c00000,0x00000000e3a80000,0x00000000e3a80000)
  from space 44544K, 99% used [0x00000000e3a80000,0x00000000e65fb048,0x00000000e6600000)
  to   space 53248K, 0% used [0x00000000ea780000,0x00000000ea780000,0x00000000edb80000)
 ParOldGen       total 140288K, used 67870K [0x0000000081400000, 0x0000000089d00000, 0x00000000d5c00000)
  object space 140288K, 48% used [0x0000000081400000,0x0000000085647b78,0x0000000089d00000)
 Metaspace       used 50079K, capacity 51174K, committed 51456K, reserved 1093632K
  class space    used 6519K, capacity 6894K, committed 6912K, reserved 1048576K
Event: 1321.064 GC heap after
Heap after GC invocations=14 (full 2):
 PSYoungGen      total 330240K, used 50839K [0x00000000d5c00000, 0x00000000ee080000, 0x0000000100000000)
  eden space 276992K, 0% used [0x00000000d5c00000,0x00000000d5c00000,0x00000000e6a80000)
  from space 53248K, 95% used [0x00000000ea780000,0x00000000ed925dd0,0x00000000edb80000)
  to   space 60416K, 0% used [0x00000000e6a80000,0x00000000e6a80000,0x00000000ea580000)
 ParOldGen       total 140288K, used 69827K [0x0000000081400000, 0x0000000089d00000, 0x00000000d5c00000)
  object space 140288K, 49% used [0x0000000081400000,0x0000000085830d08,0x0000000089d00000)
 Metaspace       used 50079K, capacity 51174K, committed 51456K, reserved 1093632K
  class space    used 6519K, capacity 6894K, committed 6912K, reserved 1048576K
}
Event: 1399.125 GC heap before
{Heap before GC invocations=15 (full 2):
 PSYoungGen      total 330240K, used 327831K [0x00000000d5c00000, 0x00000000ee080000, 0x0000000100000000)
  eden space 276992K, 100% used [0x00000000d5c00000,0x00000000e6a80000,0x00000000e6a80000)
  from space 53248K, 95% used [0x00000000ea780000,0x00000000ed925dd0,0x00000000edb80000)
  to   space 60416K, 0% used [0x00000000e6a80000,0x00000000e6a80000,0x00000000ea580000)
 ParOldGen       total 140288K, used 69833K [0x0000000081400000, 0x0000000089d00000, 0x00000000d5c00000)
  object space 140288K, 49% used [0x0000000081400000,0x00000000858324d8,0x0000000089d00000)
 Metaspace       used 54951K, capacity 56046K, committed 56320K, reserved 1097728K
  class space    used 7209K, capacity 7614K, committed 7680K, reserved 1048576K
Event: 1399.225 GC heap after
Heap after GC invocations=15 (full 2):
 PSYoungGen      total 326656K, used 60396K [0x00000000d5c00000, 0x00000000eee00000, 0x0000000100000000)
  eden space 266240K, 0% used [0x00000000d5c00000,0x00000000d5c00000,0x00000000e6000000)
  from space 60416K, 99% used [0x00000000e6a80000,0x00000000ea57b248,0x00000000ea580000)
  to   space 72704K, 0% used [0x00000000ea700000,0x00000000ea700000,0x00000000eee00000)
 ParOldGen       total 140288K, used 76804K [0x0000000081400000, 0x0000000089d00000, 0x00000000d5c00000)
  object space 140288K, 54% used [0x0000000081400000,0x0000000085f01230,0x0000000089d00000)
 Metaspace       used 54951K, capacity 56046K, committed 56320K, reserved 1097728K
  class space    used 7209K, capacity 7614K, committed 7680K, reserved 1048576K
}
Event: 1399.226 GC heap before
{Heap before GC invocations=16 (full 2):
 PSYoungGen      total 326656K, used 61183K [0x00000000d5c00000, 0x00000000eee00000, 0x0000000100000000)
  eden space 266240K, 0% used [0x00000000d5c00000,0x00000000d5cc4ca8,0x00000000e6000000)
  from space 60416K, 99% used [0x00000000e6a80000,0x00000000ea57b248,0x00000000ea580000)
  to   space 72704K, 0% used [0x00000000ea700000,0x00000000ea700000,0x00000000eee00000)
 ParOldGen       total 140288K, used 76804K [0x0000000081400000, 0x0000000089d00000, 0x00000000d5c00000)
  object space 140288K, 54% used [0x0000000081400000,0x0000000085f01230,0x0000000089d00000)
 Metaspace       used 54951K, capacity 56046K, committed 56320K, reserved 1097728K
  class space    used 7209K, capacity 7614K, committed 7680K, reserved 1048576K
Event: 1399.264 GC heap after
Heap after GC invocations=16 (full 2):
 PSYoungGen      total 338944K, used 59267K [0x00000000d5c00000, 0x00000000eee00000, 0x0000000100000000)
  eden space 266240K, 0% used [0x00000000d5c00000,0x00000000d5c00000,0x00000000e6000000)
  from space 72704K, 81% used [0x00000000ea700000,0x00000000ee0e0eb8,0x00000000eee00000)
  to   space 60416K, 0% used [0x00000000e6a80000,0x00000000e6a80000,0x00000000ea580000)
 ParOldGen       total 140288K, used 79798K [0x0000000081400000, 0x0000000089d00000, 0x00000000d5c00000)
  object space 140288K, 56% used [0x0000000081400000,0x00000000861ed860,0x0000000089d00000)
 Metaspace       used 54951K, capacity 56046K, committed 56320K, reserved 1097728K
  class space    used 7209K, capacity 7614K, committed 7680K, reserved 1048576K
}
Event: 1400.552 GC heap before
{Heap before GC invocations=17 (full 2):
 PSYoungGen      total 338944K, used 135573K [0x00000000d5c00000, 0x00000000eee00000, 0x0000000100000000)
  eden space 266240K, 28% used [0x00000000d5c00000,0x00000000da684778,0x00000000e6000000)
  from space 72704K, 81% used [0x00000000ea700000,0x00000000ee0e0eb8,0x00000000eee00000)
  to   space 60416K, 0% used [0x00000000e6a80000,0x00000000e6a80000,0x00000000ea580000)
 ParOldGen       total 140288K, used 79798K [0x0000000081400000, 0x0000000089d00000, 0x00000000d5c00000)
  object space 140288K, 56% used [0x0000000081400000,0x00000000861ed860,0x0000000089d00000)
 Metaspace       used 57837K, capacity 58872K, committed 59136K, reserved 1099776K
  class space    used 7656K, capacity 8067K, committed 8192K, reserved 1048576K
Event: 1400.573 GC heap after
Heap after GC invocations=17 (full 2):
 PSYoungGen      total 337408K, used 15970K [0x00000000d5c00000, 0x00000000f8980000, 0x0000000100000000)
  eden space 276992K, 0% used [0x00000000d5c00000,0x00000000d5c00000,0x00000000e6a80000)
  from space 60416K, 26% used [0x00000000e6a80000,0x00000000e7a18940,0x00000000ea580000)
  to   space 77312K, 0% used [0x00000000f3e00000,0x00000000f3e00000,0x00000000f8980000)
 ParOldGen       total 140288K, used 83072K [0x0000000081400000, 0x0000000089d00000, 0x00000000d5c00000)
  object space 140288K, 59% used [0x0000000081400000,0x00000000865203b8,0x0000000089d00000)
 Metaspace       used 57837K, capacity 58872K, committed 59136K, reserved 1099776K
  class space    used 7656K, capacity 8067K, committed 8192K, reserved 1048576K
}
Event: 1400.573 GC heap before
{Heap before GC invocations=18 (full 3):
 PSYoungGen      total 337408K, used 15970K [0x00000000d5c00000, 0x00000000f8980000, 0x0000000100000000)
  eden space 276992K, 0% used [0x00000000d5c00000,0x00000000d5c00000,0x00000000e6a80000)
  from space 60416K, 26% used [0x00000000e6a80000,0x00000000e7a18940,0x00000000ea580000)
  to   space 77312K, 0% used [0x00000000f3e00000,0x00000000f3e00000,0x00000000f8980000)
 ParOldGen       total 140288K, used 83072K [0x0000000081400000, 0x0000000089d00000, 0x00000000d5c00000)
  object space 140288K, 59% used [0x0000000081400000,0x00000000865203b8,0x0000000089d00000)
 Metaspace       used 57837K, capacity 58872K, committed 59136K, reserved 1099776K
  class space    used 7656K, capacity 8067K, committed 8192K, reserved 1048576K
Event: 1400.821 GC heap after
Heap after GC invocations=18 (full 3):
 PSYoungGen      total 337408K, used 0K [0x00000000d5c00000, 0x00000000f8980000, 0x0000000100000000)
  eden space 276992K, 0% used [0x00000000d5c00000,0x00000000d5c00000,0x00000000e6a80000)
  from space 60416K, 0% used [0x00000000e6a80000,0x00000000e6a80000,0x00000000ea580000)
  to   space 77312K, 0% used [0x00000000f3e00000,0x00000000f3e00000,0x00000000f8980000)
 ParOldGen       total 123392K, used 34264K [0x0000000081400000, 0x0000000088c80000, 0x00000000d5c00000)
  object space 123392K, 27% used [0x0000000081400000,0x0000000083576338,0x0000000088c80000)
 Metaspace       used 38605K, capacity 39456K, committed 52992K, reserved 1093632K
  class space    used 4903K, capacity 5199K, committed 8192K, reserved 1048576K
}

