# JRE version: Java(TM) SE Runtime Environment (8.0_131-b11) (build 1.8.0_131-b11)
# Java VM: Java HotSpot(TM) 64-Bit Server VM (25.131-b11 mixed mode windows-amd64 compressed oops)
Heap:
 PSYoungGen      total 275456K, used 155244K [0x00000000d5c00000, 0x00000000e9c80000, 0x0000000100000000)
  eden space 241152K, 64% used [0x00000000d5c00000,0x00000000df39b1e8,0x00000000e4780000)
  from space 34304K, 0% used [0x00000000e5300000,0x00000000e5300000,0x00000000e7480000)
  to   space 40960K, 0% used [0x00000000e7480000,0x00000000e7480000,0x00000000e9c80000)
 ParOldGen       total 164864K, used 53267K [0x0000000081400000, 0x000000008b500000, 0x00000000d5c00000)
  object space 164864K, 32% used [0x0000000081400000,0x0000000084804c18,0x000000008b500000)
 Metaspace       used 35190K, capacity 36130K, committed 36352K, reserved 1081344K
  class space    used 4417K, capacity 4745K, committed 4864K, reserved 1048576K
GC Heap History (10 events):
Event: 6.407 GC heap before
{Heap before GC invocations=5 (full 0):
 PSYoungGen      total 138240K, used 109713K [0x00000000d5c00000, 0x00000000de800000, 0x0000000100000000)
  eden space 133120K, 78% used [0x00000000d5c00000,0x00000000dc2286d0,0x00000000dde00000)
  from space 5120K, 99% used [0x00000000de300000,0x00000000de7fc070,0x00000000de800000)
  to   space 5120K, 0% used [0x00000000dde00000,0x00000000dde00000,0x00000000de300000)
 ParOldGen       total 87552K, used 34482K [0x0000000081400000, 0x0000000086980000, 0x00000000d5c00000)
  object space 87552K, 39% used [0x0000000081400000,0x00000000835aca70,0x0000000086980000)
 Metaspace       used 20558K, capacity 21136K, committed 21296K, reserved 1069056K
  class space    used 2442K, capacity 2594K, committed 2688K, reserved 1048576K
Event: 6.443 GC heap after
Heap after GC invocations=5 (full 0):
 PSYoungGen      total 138240K, used 5104K [0x00000000d5c00000, 0x00000000ea600000, 0x0000000100000000)
  eden space 133120K, 0% used [0x00000000d5c00000,0x00000000d5c00000,0x00000000dde00000)
  from space 5120K, 99% used [0x00000000dde00000,0x00000000de2fc070,0x00000000de300000)
  to   space 35840K, 0% used [0x00000000e8300000,0x00000000e8300000,0x00000000ea600000)
 ParOldGen       total 87552K, used 60775K [0x0000000081400000, 0x0000000086980000, 0x00000000d5c00000)
  object space 87552K, 69% used [0x0000000081400000,0x0000000084f59e88,0x0000000086980000)
 Metaspace       used 20558K, capacity 21136K, committed 21296K, reserved 1069056K
  class space    used 2442K, capacity 2594K, committed 2688K, reserved 1048576K
}
Event: 6.443 GC heap before
{Heap before GC invocations=6 (full 1):
 PSYoungGen      total 138240K, used 5104K [0x00000000d5c00000, 0x00000000ea600000, 0x0000000100000000)
  eden space 133120K, 0% used [0x00000000d5c00000,0x00000000d5c00000,0x00000000dde00000)
  from space 5120K, 99% used [0x00000000dde00000,0x00000000de2fc070,0x00000000de300000)
  to   space 35840K, 0% used [0x00000000e8300000,0x00000000e8300000,0x00000000ea600000)
 ParOldGen       total 87552K, used 60775K [0x0000000081400000, 0x0000000086980000, 0x00000000d5c00000)
  object space 87552K, 69% used [0x0000000081400000,0x0000000084f59e88,0x0000000086980000)
 Metaspace       used 20558K, capacity 21136K, committed 21296K, reserved 1069056K
  class space    used 2442K, capacity 2594K, committed 2688K, reserved 1048576K
Event: 6.623 GC heap after
Heap after GC invocations=6 (full 1):
 PSYoungGen      total 138240K, used 0K [0x00000000d5c00000, 0x00000000ea600000, 0x0000000100000000)
  eden space 133120K, 0% used [0x00000000d5c00000,0x00000000d5c00000,0x00000000dde00000)
  from space 5120K, 0% used [0x00000000dde00000,0x00000000dde00000,0x00000000de300000)
  to   space 35840K, 0% used [0x00000000e8300000,0x00000000e8300000,0x00000000ea600000)
 ParOldGen       total 141312K, used 57541K [0x0000000081400000, 0x0000000089e00000, 0x00000000d5c00000)
  object space 141312K, 40% used [0x0000000081400000,0x0000000084c317b8,0x0000000089e00000)
 Metaspace       used 20558K, capacity 21136K, committed 21296K, reserved 1069056K
  class space    used 2442K, capacity 2594K, committed 2688K, reserved 1048576K
}
Event: 18.618 GC heap before
{Heap before GC invocations=7 (full 1):
 PSYoungGen      total 138240K, used 133120K [0x00000000d5c00000, 0x00000000ea600000, 0x0000000100000000)
  eden space 133120K, 100% used [0x00000000d5c00000,0x00000000dde00000,0x00000000dde00000)
  from space 5120K, 0% used [0x00000000dde00000,0x00000000dde00000,0x00000000de300000)
  to   space 35840K, 0% used [0x00000000e8300000,0x00000000e8300000,0x00000000ea600000)
 ParOldGen       total 141312K, used 57541K [0x0000000081400000, 0x0000000089e00000, 0x00000000d5c00000)
  object space 141312K, 40% used [0x0000000081400000,0x0000000084c317b8,0x0000000089e00000)
 Metaspace       used 29451K, capacity 30156K, committed 30336K, reserved 1075200K
  class space    used 3614K, capacity 3846K, committed 3968K, reserved 1048576K
Event: 18.655 GC heap after
Heap after GC invocations=7 (full 1):
 PSYoungGen      total 202240K, used 19175K [0x00000000d5c00000, 0x00000000e9600000, 0x0000000100000000)
  eden space 182784K, 0% used [0x00000000d5c00000,0x00000000d5c00000,0x00000000e0e80000)
  from space 19456K, 98% used [0x00000000e8300000,0x00000000e95b9d78,0x00000000e9600000)
  to   space 34304K, 0% used [0x00000000e5300000,0x00000000e5300000,0x00000000e7480000)
 ParOldGen       total 141312K, used 57549K [0x0000000081400000, 0x0000000089e00000, 0x00000000d5c00000)
  object space 141312K, 40% used [0x0000000081400000,0x0000000084c337b8,0x0000000089e00000)
 Metaspace       used 29451K, capacity 30156K, committed 30336K, reserved 1075200K
  class space    used 3614K, capacity 3846K, committed 3968K, reserved 1048576K
}
Event: 37.136 GC heap before
{Heap before GC invocations=8 (full 1):
 PSYoungGen      total 202240K, used 177350K [0x00000000d5c00000, 0x00000000e9600000, 0x0000000100000000)
  eden space 182784K, 86% used [0x00000000d5c00000,0x00000000df677b10,0x00000000e0e80000)
  from space 19456K, 98% used [0x00000000e8300000,0x00000000e95b9d78,0x00000000e9600000)
  to   space 34304K, 0% used [0x00000000e5300000,0x00000000e5300000,0x00000000e7480000)
 ParOldGen       total 141312K, used 57549K [0x0000000081400000, 0x0000000089e00000, 0x00000000d5c00000)
  object space 141312K, 40% used [0x0000000081400000,0x0000000084c337b8,0x0000000089e00000)
 Metaspace       used 34472K, capacity 35266K, committed 35456K, reserved 1079296K
  class space    used 4323K, capacity 4629K, committed 4736K, reserved 1048576K
Event: 37.188 GC heap after
Heap after GC invocations=8 (full 1):
 PSYoungGen      total 275456K, used 34272K [0x00000000d5c00000, 0x00000000e9c80000, 0x0000000100000000)
  eden space 241152K, 0% used [0x00000000d5c00000,0x00000000d5c00000,0x00000000e4780000)
  from space 34304K, 99% used [0x00000000e5300000,0x00000000e7478310,0x00000000e7480000)
  to   space 40960K, 0% used [0x00000000e7480000,0x00000000e7480000,0x00000000e9c80000)
 ParOldGen       total 141312K, used 63792K [0x0000000081400000, 0x0000000089e00000, 0x00000000d5c00000)
  object space 141312K, 45% used [0x0000000081400000,0x000000008524c068,0x0000000089e00000)
 Metaspace       used 34472K, capacity 35266K, committed 35456K, reserved 1079296K
  class space    used 4323K, capacity 4629K, committed 4736K, reserved 1048576K
}
Event: 37.188 GC heap before
{Heap before GC invocations=9 (full 2):
 PSYoungGen      total 275456K, used 34272K [0x00000000d5c00000, 0x00000000e9c80000, 0x0000000100000000)
  eden space 241152K, 0% used [0x00000000d5c00000,0x00000000d5c00000,0x00000000e4780000)
  from space 34304K, 99% used [0x00000000e5300000,0x00000000e7478310,0x00000000e7480000)
  to   space 40960K, 0% used [0x00000000e7480000,0x00000000e7480000,0x00000000e9c80000)
 ParOldGen       total 141312K, used 63792K [0x0000000081400000, 0x0000000089e00000, 0x00000000d5c00000)
  object space 141312K, 45% used [0x0000000081400000,0x000000008524c068,0x0000000089e00000)
 Metaspace       used 34472K, capacity 35266K, committed 35456K, reserved 1079296K
  class space    used 4323K, capacity 4629K, committed 4736K, reserved 1048576K
Event: 37.368 GC heap after
Heap after GC invocations=9 (full 2):
 PSYoungGen      total 275456K, used 0K [0x00000000d5c00000, 0x00000000e9c80000, 0x0000000100000000)
  eden space 241152K, 0% used [0x00000000d5c00000,0x00000000d5c00000,0x00000000e4780000)
  from space 34304K, 0% used [0x00000000e5300000,0x00000000e5300000,0x00000000e7480000)
  to   space 40960K, 0% used [0x00000000e7480000,0x00000000e7480000,0x00000000e9c80000)
 ParOldGen       total 164864K, used 53267K [0x0000000081400000, 0x000000008b500000, 0x00000000d5c00000)
  object space 164864K, 32% used [0x0000000081400000,0x0000000084804c18,0x000000008b500000)
 Metaspace       used 34472K, capacity 35266K, committed 35456K, reserved 1079296K
  class space    used 4323K, capacity 4629K, committed 4736K, reserved 1048576K
}

